<?xml version="1.0" encoding="UTF-8"?>
<testsuite xmlns:xsi="http://www.w3.org/2001/XMLSchema-instance" xsi:noNamespaceSchemaLocation="https://maven.apache.org/surefire/maven-surefire-plugin/xsd/surefire-test-report.xsd" name="he.lgim.lgimassignment3l.classes.TextFileAnalyserTest" time="0.089" tests="8" errors="0" skipped="0" failures="0">
  <properties>
[...]
</properties>
  <testcase name="testTextFileAnalyserSuccess" classname="he.lgim.lgimassignment3l.classes.TextFileAnalyserTest" time="0.01"/>
  <testcase name="testTextFileAnalyserFailure" classname="he.lgim.lgimassignment3l.classes.TextFileAnalyserTest" time="0.001"/>
  <testcase name="testReadFileFailure" classname="he.lgim.lgimassignment3l.classes.TextFileAnalyserTest" time="0.001"/>
  <testcase name="testGetLineCount" classname="he.lgim.lgimassignment3l.classes.TextFileAnalyserTest$StatsicticsTests" time="0.027"/>
  <testcase name="testGetMostCommonLetter" classname="he.lgim.lgimassignment3l.classes.TextFileAnalyserTest$StatsicticsTests" time="0.008"/>
  <testcase name="testReadFileSuccess" classname="he.lgim.lgimassignment3l.classes.TextFileAnalyserTest$StatsicticsTests" time="0.005"/>
  <testcase name="testGetWordCount" classname="he.lgim.lgimassignment3l.classes.TextFileAnalyserTest$StatsicticsTests" time="0.003"/>
  <testcase name="testGetAvgLetters" classname="he.lgim.lgimassignment3l.classes.TextFileAnalyserTest$StatsicticsTests" time="0.002"/>
</testsuite>